<?xml version="1.0" encoding="UTF-8"?>
<testsuite xmlns:xsi="http://www.w3.org/2001/XMLSchema-instance" xsi:noNamespaceSchemaLocation="https://maven.apache.org/surefire/maven-surefire-plugin/xsd/surefire-test-report.xsd" name="com.mycompany.mavenproject1.ProcessBuilderExTest" time="0.037" tests="1" errors="1" skipped="0" failures="0">
  <properties>
    <property name="sun.desktop" value="windows"/>
    <property name="awt.toolkit" value="sun.awt.windows.WToolkit"/>
    <property name="java.specification.version" value="11"/>
    <property name="sun.cpu.isalist" value="amd64"/>
    <property name="sun.jnu.encoding" value="Cp1252"/>
    <property name="java.class.path" value="C:\Users\raaga\OneDrive\Desktop\DawsonClasses\ComputerScience\5th_Semester\Data_Comm\Final_Project\data_communication_project\lab8_raagav\target\test-classes;C:\Users\raaga\.m2\repository\org\openjfx\javafx-controls\16-ea+7\javafx-controls-16-ea+7.jar;C:\Users\raaga\.m2\repository\org\openjfx\javafx-graphics\16-ea+7\javafx-graphics-16-ea+7.jar;C:\Users\raaga\.m2\repository\org\openjfx\javafx-base\16-ea+7\javafx-base-16-ea+7.jar;C:\Users\raaga\.m2\repository\junit\junit\4.10\junit-4.10.jar;C:\Users\raaga\.m2\repository\org\junit\jupiter\junit-jupiter\5.8.0-RC1\junit-jupiter-5.8.0-RC1.jar;C:\Users\raaga\.m2\repository\org\junit\jupiter\junit-jupiter-api\5.8.0-RC1\junit-jupiter-api-5.8.0-RC1.jar;C:\Users\raaga\.m2\repository\org\opentest4j\opentest4j\1.2.0\opentest4j-1.2.0.jar;C:\Users\raaga\.m2\repository\org\junit\platform\junit-platform-commons\1.8.0-RC1\junit-platform-commons-1.8.0-RC1.jar;C:\Users\raaga\.m2\repository\org\apiguardian\apiguardian-api\1.1.2\apiguardian-api-1.1.2.jar;C:\Users\raaga\.m2\repository\org\junit\jupiter\junit-jupiter-params\5.8.0-RC1\junit-jupiter-params-5.8.0-RC1.jar;C:\Users\raaga\.m2\repository\org\junit\jupiter\junit-jupiter-engine\5.8.0-RC1\junit-jupiter-engine-5.8.0-RC1.jar;C:\Users\raaga\.m2\repository\org\junit\platform\junit-platform-engine\1.8.0-RC1\junit-platform-engine-1.8.0-RC1.jar;C:\Users\raaga\.m2\repository\org\openjfx\javafx-web\16-ea+7\javafx-web-16-ea+7.jar;C:\Users\raaga\.m2\repository\org\openjfx\javafx-media\16-ea+7\javafx-media-16-ea+7.jar;"/>
    <property name="java.vm.vendor" value="Eclipse Foundation"/>
    <property name="sun.arch.data.model" value="64"/>
    <property name="user.variant" value=""/>
    <property name="java.vendor.url" value="https://adoptium.net/"/>
    <property name="user.timezone" value="America/New_York"/>
    <property name="java.vm.specification.version" value="11"/>
    <property name="os.name" value="Windows 10"/>
    <property name="user.country" value="CA"/>
    <property name="sun.java.launcher" value="SUN_STANDARD"/>
    <property name="sun.boot.library.path" value="C:\Users\raaga\AppData\Local\Programs\Eclipse Foundation\jdk-11.0.12.7-hotspot\bin"/>
    <property name="sun.java.command" value="org.apache.maven.surefire.booter.ForkedBooter C:\Users\raaga\AppData\Local\Temp\surefire17712757028179218663 2022-11-14T20-30-54_182-jvmRun1 surefire10920147237276106248tmp surefire_03796711436464030664tmp"/>
    <property name="jdk.debug" value="release"/>
    <property name="surefire.test.class.path" value="C:\Users\raaga\OneDrive\Desktop\DawsonClasses\ComputerScience\5th_Semester\Data_Comm\Final_Project\data_communication_project\lab8_raagav\target\test-classes;C:\Users\raaga\.m2\repository\org\openjfx\javafx-controls\16-ea+7\javafx-controls-16-ea+7.jar;C:\Users\raaga\.m2\repository\org\openjfx\javafx-graphics\16-ea+7\javafx-graphics-16-ea+7.jar;C:\Users\raaga\.m2\repository\org\openjfx\javafx-base\16-ea+7\javafx-base-16-ea+7.jar;C:\Users\raaga\.m2\repository\junit\junit\4.10\junit-4.10.jar;C:\Users\raaga\.m2\repository\org\junit\jupiter\junit-jupiter\5.8.0-RC1\junit-jupiter-5.8.0-RC1.jar;C:\Users\raaga\.m2\repository\org\junit\jupiter\junit-jupiter-api\5.8.0-RC1\junit-jupiter-api-5.8.0-RC1.jar;C:\Users\raaga\.m2\repository\org\opentest4j\opentest4j\1.2.0\opentest4j-1.2.0.jar;C:\Users\raaga\.m2\repository\org\junit\platform\junit-platform-commons\1.8.0-RC1\junit-platform-commons-1.8.0-RC1.jar;C:\Users\raaga\.m2\repository\org\apiguardian\apiguardian-api\1.1.2\apiguardian-api-1.1.2.jar;C:\Users\raaga\.m2\repository\org\junit\jupiter\junit-jupiter-params\5.8.0-RC1\junit-jupiter-params-5.8.0-RC1.jar;C:\Users\raaga\.m2\repository\org\junit\jupiter\junit-jupiter-engine\5.8.0-RC1\junit-jupiter-engine-5.8.0-RC1.jar;C:\Users\raaga\.m2\repository\org\junit\platform\junit-platform-engine\1.8.0-RC1\junit-platform-engine-1.8.0-RC1.jar;C:\Users\raaga\.m2\repository\org\openjfx\javafx-web\16-ea+7\javafx-web-16-ea+7.jar;C:\Users\raaga\.m2\repository\org\openjfx\javafx-media\16-ea+7\javafx-media-16-ea+7.jar;"/>
    <property name="sun.cpu.endian" value="little"/>
    <property name="user.home" value="C:\Users\raaga"/>
    <property name="user.language" value="en"/>
    <property name="java.specification.vendor" value="Oracle Corporation"/>
    <property name="jdk.module.path" value="C:\Users\raaga\OneDrive\Desktop\DawsonClasses\ComputerScience\5th_Semester\Data_Comm\Final_Project\data_communication_project\lab8_raagav\target\classes;C:\Users\raaga\.m2\repository\org\openjfx\javafx-controls\16-ea+7\javafx-controls-16-ea+7-win.jar;C:\Users\raaga\.m2\repository\org\openjfx\javafx-graphics\16-ea+7\javafx-graphics-16-ea+7-win.jar;C:\Users\raaga\.m2\repository\eu\hansolo\tilesfx\11.13\tilesfx-11.13.jar;C:\Users\raaga\.m2\repository\com\googlecode\json-simple\json-simple\1.1.1\json-simple-1.1.1.jar;C:\Users\raaga\.m2\repository\org\openjfx\javafx-media\12.0.1\javafx-media-12.0.1-mac.jar;C:\Users\raaga\.m2\repository\org\openjfx\javafx-base\12.0.1\javafx-base-12.0.1-mac.jar;C:\Users\raaga\.m2\repository\org\openjfx\javafx-web\12.0.1\javafx-web-12.0.1-mac.jar;C:\Users\raaga\.m2\repository\com\pi4j\pi4j-core\2.2.0\pi4j-core-2.2.0.jar;C:\Users\raaga\.m2\repository\org\slf4j\slf4j-api\1.7.32\slf4j-api-1.7.32.jar"/>
    <property name="java.version.date" value="2021-07-20"/>
    <property name="java.home" value="C:\Users\raaga\AppData\Local\Programs\Eclipse Foundation\jdk-11.0.12.7-hotspot"/>
    <property name="file.separator" value="\"/>
    <property name="basedir" value="C:\Users\raaga\OneDrive\Desktop\DawsonClasses\ComputerScience\5th_Semester\Data_Comm\Final_Project\data_communication_project\lab8_raagav"/>
    <property name="java.vm.compressedOopsMode" value="Zero based"/>
    <property name="line.separator" value="&#10;"/>
    <property name="java.specification.name" value="Java Platform API Specification"/>
    <property name="java.vm.specification.vendor" value="Oracle Corporation"/>
    <property name="java.awt.graphicsenv" value="sun.awt.Win32GraphicsEnvironment"/>
    <property name="surefire.real.class.path" value="C:\Users\raaga\.m2\repository\org\apache\maven\surefire\surefire-booter\2.22.2\surefire-booter-2.22.2.jar;C:\Users\raaga\.m2\repository\org\apache\maven\surefire\surefire-api\2.22.2\surefire-api-2.22.2.jar;C:\Users\raaga\.m2\repository\org\apache\maven\surefire\surefire-logger-api\2.22.2\surefire-logger-api-2.22.2.jar;C:\Users\raaga\OneDrive\Desktop\DawsonClasses\ComputerScience\5th_Semester\Data_Comm\Final_Project\data_communication_project\lab8_raagav\target\test-classes;C:\Users\raaga\.m2\repository\org\openjfx\javafx-controls\16-ea+7\javafx-controls-16-ea+7.jar;C:\Users\raaga\.m2\repository\org\openjfx\javafx-graphics\16-ea+7\javafx-graphics-16-ea+7.jar;C:\Users\raaga\.m2\repository\org\openjfx\javafx-base\16-ea+7\javafx-base-16-ea+7.jar;C:\Users\raaga\.m2\repository\junit\junit\4.10\junit-4.10.jar;C:\Users\raaga\.m2\repository\org\junit\jupiter\junit-jupiter\5.8.0-RC1\junit-jupiter-5.8.0-RC1.jar;C:\Users\raaga\.m2\repository\org\junit\jupiter\junit-jupiter-api\5.8.0-RC1\junit-jupiter-api-5.8.0-RC1.jar;C:\Users\raaga\.m2\repository\org\opentest4j\opentest4j\1.2.0\opentest4j-1.2.0.jar;C:\Users\raaga\.m2\repository\org\junit\platform\junit-platform-commons\1.8.0-RC1\junit-platform-commons-1.8.0-RC1.jar;C:\Users\raaga\.m2\repository\org\apiguardian\apiguardian-api\1.1.2\apiguardian-api-1.1.2.jar;C:\Users\raaga\.m2\repository\org\junit\jupiter\junit-jupiter-params\5.8.0-RC1\junit-jupiter-params-5.8.0-RC1.jar;C:\Users\raaga\.m2\repository\org\junit\jupiter\junit-jupiter-engine\5.8.0-RC1\junit-jupiter-engine-5.8.0-RC1.jar;C:\Users\raaga\.m2\repository\org\junit\platform\junit-platform-engine\1.8.0-RC1\junit-platform-engine-1.8.0-RC1.jar;C:\Users\raaga\.m2\repository\org\openjfx\javafx-web\16-ea+7\javafx-web-16-ea+7.jar;C:\Users\raaga\.m2\repository\org\openjfx\javafx-media\16-ea+7\javafx-media-16-ea+7.jar;C:\Users\raaga\.m2\repository\org\apache\maven\surefire\surefire-junit-platform\2.22.2\surefire-junit-platform-2.22.2.jar;C:\Users\raaga\.m2\repository\org\junit\platform\junit-platform-launcher\1.3.1\junit-platform-launcher-1.3.1.jar"/>
    <property name="user.script" value=""/>
    <property name="sun.management.compiler" value="HotSpot 64-Bit Tiered Compilers"/>
    <property name="java.runtime.version" value="11.0.12+7"/>
    <property name="user.name" value="raaga"/>
    <property name="path.separator" value=";"/>
    <property name="os.version" value="10.0"/>
    <property name="java.runtime.name" value="OpenJDK Runtime Environment"/>
    <property name="file.encoding" value="UTF-8"/>
    <property name="java.vm.name" value="OpenJDK 64-Bit Server VM"/>
    <property name="java.vendor.version" value="Temurin-11.0.12+7"/>
    <property name="maven.ext.class.path" value="C:\Program Files\NetBeans-13\netbeans\java\maven-nblib\netbeans-eventspy.jar"/>
    <property name="localRepository" value="C:\Users\raaga\.m2\repository"/>
    <property name="java.vendor.url.bug" value="https://github.com/adoptium/adoptium-support/issues"/>
    <property name="java.io.tmpdir" value="C:\Users\raaga\AppData\Local\Temp\"/>
    <property name="java.version" value="11.0.12"/>
    <property name="user.dir" value="C:\Users\raaga\OneDrive\Desktop\DawsonClasses\ComputerScience\5th_Semester\Data_Comm\Final_Project\data_communication_project\lab8_raagav"/>
    <property name="os.arch" value="amd64"/>
    <property name="java.vm.specification.name" value="Java Virtual Machine Specification"/>
    <property name="java.awt.printerjob" value="sun.awt.windows.WPrinterJob"/>
    <property name="sun.os.patch.level" value=""/>
    <property name="java.library.path" value="C:\Users\raaga\AppData\Local\Programs\Eclipse Foundation\jdk-11.0.12.7-hotspot\bin;C:\WINDOWS\Sun\Java\bin;C:\WINDOWS\system32;C:\WINDOWS;C:\Program Files (x86)\Microsoft SDKs\Azure\CLI2\wbin;C:\Program Files (x86)\Common Files\Oracle\Java\javapath;C:\WINDOWS\system32;C:\WINDOWS;C:\WINDOWS\System32\Wbem;C:\WINDOWS\System32\WindowsPowerShell\v1.0\;C:\WINDOWS\System32\OpenSSH\;C:\Program Files\PuTTY\;C:\Program Files (x86)\Brackets\command;C:\Program Files (x86)\Windows Live\Shared;C:\Users\raaga\AppData\Local\Programs\Python\Python39;C:\Program Files\Java\jdk1.8.0_291\bin;C:\Program Files\Git\cmd;C:\Program Files\nodejs\;C:\Users\raaga\anaconda3\condabin;C:\Program Files\PostgreSQL\14\bin;C:\Program Files\dotnet\;C:\Users\raaga\AppData\Local\Programs\Python\Python310\Scripts\;C:\Users\raaga\AppData\Local\Programs\Python\Python310\;C:\Users\raaga\AppData\Local\Programs\Eclipse Foundation\jdk-11.0.12.7-hotspot\bin;C:\Users\raaga\AppData\Local\Programs\Python\Python39\Scripts\;C:\Users\raaga\AppData\Local\Programs\Python\Python39\;C:\Users\raaga\AppData\Local\Microsoft\WindowsApps;C:\Users\raaga\AppData\Local\Programs\Microsoft VS Code\bin;C:\Users\raaga\AppData\Roaming\npm;C:\Users\raaga\AppData\Local\Programs\mongosh\;C:\Program Files\heroku\bin;C:\src\flutter\flutter\bin;C:\Users\raaga\AppData\Local\Android\Sdk\cmdline-tools\tools\bin;C:\Users\raaga\AppData\Local\Android\Sdk\emulator;C:\Users\raaga\AppData\Local\Android\Sdk\tools\bin;C:\Users\User\AppData\Local\Android\Sdk\platform-tools;C:\Users\raaga\.dotnet\tools;C:\Users\raaga\cwebp\libwebp-0.4.1-rc1-windows-x64\bin;C:\Users\raaga\AppData\Local\Programs\Fiddler;C:\Users\raaga\OneDrive\Desktop\DawsonClasses\ComputerScience\5th_Semester\Programming\opencover.4.7.1221;;."/>
    <property name="java.vm.info" value="mixed mode"/>
    <property name="java.vendor" value="Eclipse Foundation"/>
    <property name="java.vm.version" value="11.0.12+7"/>
    <property name="sun.io.unicode.encoding" value="UnicodeLittle"/>
    <property name="java.class.version" value="55.0"/>
  </properties>
  <testcase name="testStartProcess" classname="com.mycompany.mavenproject1.ProcessBuilderExTest" time="0.026">
    <error message="Cannot run program &quot;C:\Dev\python3&quot;: CreateProcess error=2, The system cannot find the file specified" type="java.io.IOException">java.io.IOException: Cannot run program "C:\Dev\python3": CreateProcess error=2, The system cannot find the file specified
	at com.mycompany.mavenproject1/com.mycompany.mavenproject1.ProcessBuilderExTest.testStartProcess(ProcessBuilderExTest.java:31)
Caused by: java.io.IOException: CreateProcess error=2, The system cannot find the file specified
	at com.mycompany.mavenproject1/com.mycompany.mavenproject1.ProcessBuilderExTest.testStartProcess(ProcessBuilderExTest.java:31)
</error>
    <system-out><![CDATA[startProcess
]]></system-out>
  </testcase>
</testsuite>