<?xml version="1.0" encoding="UTF-8"?>
<testsuite xmlns:xsi="http://www.w3.org/2001/XMLSchema-instance" xsi:noNamespaceSchemaLocation="https://maven.apache.org/surefire/maven-surefire-plugin/xsd/surefire-test-report.xsd" name="com.mycompany.mavenproject1.ProcessBuilderExTest" time="0.281" tests="1" errors="0" skipped="0" failures="0">
  <properties>
    <property name="java.specification.version" value="17"/>
    <property name="sun.jnu.encoding" value="UTF-8"/>
    <property name="java.class.path" value="/home/raagav/Desktop/FInalProjectCode/lab8_datacomm/lab8_raagav/target/test-classes:/home/raagav/.m2/repository/org/openjfx/javafx-controls/16-ea+7/javafx-controls-16-ea+7.jar:/home/raagav/.m2/repository/org/openjfx/javafx-graphics/16-ea+7/javafx-graphics-16-ea+7.jar:/home/raagav/.m2/repository/org/openjfx/javafx-base/16-ea+7/javafx-base-16-ea+7.jar:/home/raagav/.m2/repository/junit/junit/4.10/junit-4.10.jar:/home/raagav/.m2/repository/org/junit/jupiter/junit-jupiter/5.8.0-RC1/junit-jupiter-5.8.0-RC1.jar:/home/raagav/.m2/repository/org/junit/jupiter/junit-jupiter-api/5.8.0-RC1/junit-jupiter-api-5.8.0-RC1.jar:/home/raagav/.m2/repository/org/opentest4j/opentest4j/1.2.0/opentest4j-1.2.0.jar:/home/raagav/.m2/repository/org/junit/platform/junit-platform-commons/1.8.0-RC1/junit-platform-commons-1.8.0-RC1.jar:/home/raagav/.m2/repository/org/apiguardian/apiguardian-api/1.1.2/apiguardian-api-1.1.2.jar:/home/raagav/.m2/repository/org/junit/jupiter/junit-jupiter-params/5.8.0-RC1/junit-jupiter-params-5.8.0-RC1.jar:/home/raagav/.m2/repository/org/junit/jupiter/junit-jupiter-engine/5.8.0-RC1/junit-jupiter-engine-5.8.0-RC1.jar:/home/raagav/.m2/repository/org/junit/platform/junit-platform-engine/1.8.0-RC1/junit-platform-engine-1.8.0-RC1.jar:/home/raagav/.m2/repository/org/openjfx/javafx-web/16-ea+7/javafx-web-16-ea+7.jar:/home/raagav/.m2/repository/org/openjfx/javafx-media/16-ea+7/javafx-media-16-ea+7.jar:"/>
    <property name="java.vm.vendor" value="BellSoft"/>
    <property name="sun.arch.data.model" value="32"/>
    <property name="java.vendor.url" value="https://bell-sw.com/"/>
    <property name="os.name" value="Linux"/>
    <property name="java.vm.specification.version" value="17"/>
    <property name="sun.java.launcher" value="SUN_STANDARD"/>
    <property name="user.country" value="CA"/>
    <property name="sun.boot.library.path" value="/home/raagav/.sdkman/candidates/java/17.0.4.fx-librca/lib"/>
    <property name="sun.java.command" value="org.apache.maven.surefire.booter.ForkedBooter /home/raagav/Desktop/FInalProjectCode/lab8_datacomm/lab8_raagav/target/surefire 2022-11-12T14-03-58_255-jvmRun1 surefire10091026501378067515tmp surefire_08968830003427525445tmp"/>
    <property name="jdk.debug" value="release"/>
    <property name="surefire.test.class.path" value="/home/raagav/Desktop/FInalProjectCode/lab8_datacomm/lab8_raagav/target/test-classes:/home/raagav/.m2/repository/org/openjfx/javafx-controls/16-ea+7/javafx-controls-16-ea+7.jar:/home/raagav/.m2/repository/org/openjfx/javafx-graphics/16-ea+7/javafx-graphics-16-ea+7.jar:/home/raagav/.m2/repository/org/openjfx/javafx-base/16-ea+7/javafx-base-16-ea+7.jar:/home/raagav/.m2/repository/junit/junit/4.10/junit-4.10.jar:/home/raagav/.m2/repository/org/junit/jupiter/junit-jupiter/5.8.0-RC1/junit-jupiter-5.8.0-RC1.jar:/home/raagav/.m2/repository/org/junit/jupiter/junit-jupiter-api/5.8.0-RC1/junit-jupiter-api-5.8.0-RC1.jar:/home/raagav/.m2/repository/org/opentest4j/opentest4j/1.2.0/opentest4j-1.2.0.jar:/home/raagav/.m2/repository/org/junit/platform/junit-platform-commons/1.8.0-RC1/junit-platform-commons-1.8.0-RC1.jar:/home/raagav/.m2/repository/org/apiguardian/apiguardian-api/1.1.2/apiguardian-api-1.1.2.jar:/home/raagav/.m2/repository/org/junit/jupiter/junit-jupiter-params/5.8.0-RC1/junit-jupiter-params-5.8.0-RC1.jar:/home/raagav/.m2/repository/org/junit/jupiter/junit-jupiter-engine/5.8.0-RC1/junit-jupiter-engine-5.8.0-RC1.jar:/home/raagav/.m2/repository/org/junit/platform/junit-platform-engine/1.8.0-RC1/junit-platform-engine-1.8.0-RC1.jar:/home/raagav/.m2/repository/org/openjfx/javafx-web/16-ea+7/javafx-web-16-ea+7.jar:/home/raagav/.m2/repository/org/openjfx/javafx-media/16-ea+7/javafx-media-16-ea+7.jar:"/>
    <property name="sun.cpu.endian" value="little"/>
    <property name="user.home" value="/home/raagav"/>
    <property name="user.language" value="en"/>
    <property name="java.specification.vendor" value="Oracle Corporation"/>
    <property name="jdk.module.path" value="/home/raagav/Desktop/FInalProjectCode/lab8_datacomm/lab8_raagav/target/classes:/home/raagav/.m2/repository/org/openjfx/javafx-controls/16-ea+7/javafx-controls-16-ea+7-linux.jar:/home/raagav/.m2/repository/org/openjfx/javafx-graphics/16-ea+7/javafx-graphics-16-ea+7-linux.jar:/home/raagav/.m2/repository/eu/hansolo/tilesfx/11.13/tilesfx-11.13.jar:/home/raagav/.m2/repository/com/googlecode/json-simple/json-simple/1.1.1/json-simple-1.1.1.jar:/home/raagav/.m2/repository/org/openjfx/javafx-media/12.0.1/javafx-media-12.0.1-mac.jar:/home/raagav/.m2/repository/org/openjfx/javafx-base/12.0.1/javafx-base-12.0.1-mac.jar:/home/raagav/.m2/repository/org/openjfx/javafx-web/12.0.1/javafx-web-12.0.1-mac.jar:/home/raagav/.m2/repository/com/pi4j/pi4j-core/2.2.0/pi4j-core-2.2.0.jar:/home/raagav/.m2/repository/org/slf4j/slf4j-api/1.7.32/slf4j-api-1.7.32.jar"/>
    <property name="java.version.date" value="2022-07-19"/>
    <property name="java.home" value="/home/raagav/.sdkman/candidates/java/17.0.4.fx-librca"/>
    <property name="file.separator" value="/"/>
    <property name="basedir" value="/home/raagav/Desktop/FInalProjectCode/lab8_datacomm/lab8_raagav"/>
    <property name="line.separator" value="&#10;"/>
    <property name="java.specification.name" value="Java Platform API Specification"/>
    <property name="java.vm.specification.vendor" value="Oracle Corporation"/>
    <property name="surefire.real.class.path" value="/home/raagav/.m2/repository/org/apache/maven/surefire/surefire-booter/2.22.2/surefire-booter-2.22.2.jar:/home/raagav/.m2/repository/org/apache/maven/surefire/surefire-api/2.22.2/surefire-api-2.22.2.jar:/home/raagav/.m2/repository/org/apache/maven/surefire/surefire-logger-api/2.22.2/surefire-logger-api-2.22.2.jar:/home/raagav/Desktop/FInalProjectCode/lab8_datacomm/lab8_raagav/target/test-classes:/home/raagav/.m2/repository/org/openjfx/javafx-controls/16-ea+7/javafx-controls-16-ea+7.jar:/home/raagav/.m2/repository/org/openjfx/javafx-graphics/16-ea+7/javafx-graphics-16-ea+7.jar:/home/raagav/.m2/repository/org/openjfx/javafx-base/16-ea+7/javafx-base-16-ea+7.jar:/home/raagav/.m2/repository/junit/junit/4.10/junit-4.10.jar:/home/raagav/.m2/repository/org/junit/jupiter/junit-jupiter/5.8.0-RC1/junit-jupiter-5.8.0-RC1.jar:/home/raagav/.m2/repository/org/junit/jupiter/junit-jupiter-api/5.8.0-RC1/junit-jupiter-api-5.8.0-RC1.jar:/home/raagav/.m2/repository/org/opentest4j/opentest4j/1.2.0/opentest4j-1.2.0.jar:/home/raagav/.m2/repository/org/junit/platform/junit-platform-commons/1.8.0-RC1/junit-platform-commons-1.8.0-RC1.jar:/home/raagav/.m2/repository/org/apiguardian/apiguardian-api/1.1.2/apiguardian-api-1.1.2.jar:/home/raagav/.m2/repository/org/junit/jupiter/junit-jupiter-params/5.8.0-RC1/junit-jupiter-params-5.8.0-RC1.jar:/home/raagav/.m2/repository/org/junit/jupiter/junit-jupiter-engine/5.8.0-RC1/junit-jupiter-engine-5.8.0-RC1.jar:/home/raagav/.m2/repository/org/junit/platform/junit-platform-engine/1.8.0-RC1/junit-platform-engine-1.8.0-RC1.jar:/home/raagav/.m2/repository/org/openjfx/javafx-web/16-ea+7/javafx-web-16-ea+7.jar:/home/raagav/.m2/repository/org/openjfx/javafx-media/16-ea+7/javafx-media-16-ea+7.jar:/home/raagav/.m2/repository/org/apache/maven/surefire/surefire-junit-platform/2.22.2/surefire-junit-platform-2.22.2.jar:/home/raagav/.m2/repository/org/junit/platform/junit-platform-launcher/1.3.1/junit-platform-launcher-1.3.1.jar"/>
    <property name="sun.management.compiler" value="HotSpot Tiered Compilers"/>
    <property name="java.runtime.version" value="17.0.4+8-LTS"/>
    <property name="user.name" value="raagav"/>
    <property name="path.separator" value=":"/>
    <property name="os.version" value="5.15.61-v7l+"/>
    <property name="java.runtime.name" value="OpenJDK Runtime Environment"/>
    <property name="file.encoding" value="UTF-8"/>
    <property name="java.vm.name" value="OpenJDK 32-Bit Server VM"/>
    <property name="localRepository" value="/home/raagav/.m2/repository"/>
    <property name="java.vendor.url.bug" value="https://bell-sw.com/support"/>
    <property name="java.io.tmpdir" value="/tmp"/>
    <property name="java.version" value="17.0.4"/>
    <property name="user.dir" value="/home/raagav/Desktop/FInalProjectCode/lab8_datacomm/lab8_raagav"/>
    <property name="os.arch" value="arm"/>
    <property name="java.vm.specification.name" value="Java Virtual Machine Specification"/>
    <property name="native.encoding" value="UTF-8"/>
    <property name="java.library.path" value="/usr/java/packages/lib:/lib:/usr/lib"/>
    <property name="java.vm.info" value="mixed mode"/>
    <property name="java.vendor" value="BellSoft"/>
    <property name="java.vm.version" value="17.0.4+8-LTS"/>
    <property name="sun.arch.abi" value="gnueabihf"/>
    <property name="sun.io.unicode.encoding" value="UnicodeLittle"/>
    <property name="java.class.version" value="61.0"/>
  </properties>
  <testcase name="testStartProcess" classname="com.mycompany.mavenproject1.ProcessBuilderExTest" time="0.24"/>
</testsuite>